<?xml version="1.0" encoding="UTF-8"?>
<testsuite xmlns:xsi="http://www.w3.org/2001/XMLSchema-instance" xsi:noNamespaceSchemaLocation="https://maven.apache.org/surefire/maven-surefire-plugin/xsd/surefire-test-report-3.0.xsd" version="3.0" name="co.uk.codeyogi.cucumber.demo.cucumber.CucumberIT" time="1.401" tests="2" errors="0" skipped="0" failures="0">
  <properties>
[...]
</properties>
  <testcase name="El usuario obtiene los memes" classname="Memes Test Feature" time="1.334">
    <system-out><![CDATA[19:21:09.452 [main] DEBUG org.springframework.test.context.BootstrapUtils - Instantiating CacheAwareContextLoaderDelegate from class [org.springframework.test.context.cache.DefaultCacheAwareContextLoaderDelegate]
19:21:09.456 [main] DEBUG org.springframework.test.context.BootstrapUtils - Instantiating BootstrapContext using constructor [public org.springframework.test.context.support.DefaultBootstrapContext(java.lang.Class,org.springframework.test.context.CacheAwareContextLoaderDelegate)]
19:21:09.467 [main] DEBUG org.springframework.test.context.BootstrapUtils - Instantiating TestContextBootstrapper for test class [co.uk.codeyogi.cucumber.demo.cucumber.CucumberIT] from class [org.springframework.boot.test.context.SpringBootTestContextBootstrapper]
19:21:09.474 [main] INFO org.springframework.boot.test.context.SpringBootTestContextBootstrapper - Neither @ContextConfiguration nor @ContextHierarchy found for test class [co.uk.codeyogi.cucumber.demo.cucumber.CucumberIT], using SpringBootContextLoader
19:21:09.476 [main] DEBUG org.springframework.test.context.support.AbstractContextLoader - Did not detect default resource location for test class [co.uk.codeyogi.cucumber.demo.cucumber.CucumberIT]: class path resource [co/uk/codeyogi/cucumber/demo/cucumber/CucumberIT-context.xml] does not exist
19:21:09.476 [main] DEBUG org.springframework.test.context.support.AbstractContextLoader - Did not detect default resource location for test class [co.uk.codeyogi.cucumber.demo.cucumber.CucumberIT]: class path resource [co/uk/codeyogi/cucumber/demo/cucumber/CucumberITContext.groovy] does not exist
19:21:09.476 [main] INFO org.springframework.test.context.support.AbstractContextLoader - Could not detect default resource locations for test class [co.uk.codeyogi.cucumber.demo.cucumber.CucumberIT]: no resource found for suffixes {-context.xml, Context.groovy}.
19:21:09.491 [main] DEBUG org.springframework.test.context.support.ActiveProfilesUtils - Could not find an 'annotation declaring class' for annotation type [org.springframework.test.context.ActiveProfiles] and class [co.uk.codeyogi.cucumber.demo.cucumber.CucumberIT]
19:21:09.533 [main] DEBUG org.springframework.boot.test.context.SpringBootTestContextBootstrapper - @TestExecutionListeners is not present for class [co.uk.codeyogi.cucumber.demo.cucumber.CucumberIT]: using defaults.
19:21:09.533 [main] INFO org.springframework.boot.test.context.SpringBootTestContextBootstrapper - Loaded default TestExecutionListener class names from location [META-INF/spring.factories]: [org.springframework.boot.test.mock.mockito.MockitoTestExecutionListener, org.springframework.boot.test.mock.mockito.ResetMocksTestExecutionListener, org.springframework.boot.test.autoconfigure.restdocs.RestDocsTestExecutionListener, org.springframework.boot.test.autoconfigure.web.client.MockRestServiceServerResetTestExecutionListener, org.springframework.boot.test.autoconfigure.web.servlet.MockMvcPrintOnlyOnFailureTestExecutionListener, org.springframework.boot.test.autoconfigure.web.servlet.WebDriverTestExecutionListener, org.springframework.boot.test.autoconfigure.webservices.client.MockWebServiceServerTestExecutionListener, org.springframework.test.context.web.ServletTestExecutionListener, org.springframework.test.context.support.DirtiesContextBeforeModesTestExecutionListener, org.springframework.test.context.support.DependencyInjectionTestExecutionListener, org.springframework.test.context.support.DirtiesContextTestExecutionListener, org.springframework.test.context.transaction.TransactionalTestExecutionListener, org.springframework.test.context.jdbc.SqlScriptsTestExecutionListener, org.springframework.test.context.event.EventPublishingTestExecutionListener]
19:21:09.539 [main] INFO org.springframework.boot.test.context.SpringBootTestContextBootstrapper - Using TestExecutionListeners: [org.springframework.test.context.web.ServletTestExecutionListener@56da52a7, org.springframework.test.context.support.DirtiesContextBeforeModesTestExecutionListener@23ee75c5, org.springframework.boot.test.mock.mockito.MockitoTestExecutionListener@11a7ba62, org.springframework.boot.test.autoconfigure.SpringBootDependencyInjectionTestExecutionListener@340b7ef6, org.springframework.test.context.support.DirtiesContextTestExecutionListener@30404dba, org.springframework.test.context.transaction.TransactionalTestExecutionListener@6050462a, org.springframework.test.context.jdbc.SqlScriptsTestExecutionListener@4c0884e8, org.springframework.test.context.event.EventPublishingTestExecutionListener@231baf51, org.springframework.boot.test.mock.mockito.ResetMocksTestExecutionListener@11841b15, org.springframework.boot.test.autoconfigure.restdocs.RestDocsTestExecutionListener@73877e19, org.springframework.boot.test.autoconfigure.web.client.MockRestServiceServerResetTestExecutionListener@7b208b45, org.springframework.boot.test.autoconfigure.web.servlet.MockMvcPrintOnlyOnFailureTestExecutionListener@5bfc257, org.springframework.boot.test.autoconfigure.web.servlet.WebDriverTestExecutionListener@34523d46, org.springframework.boot.test.autoconfigure.webservices.client.MockWebServiceServerTestExecutionListener@7cedfa63]
19:21:09.552 [main] DEBUG org.springframework.test.context.support.TestPropertySourceUtils - Adding inlined properties to environment: {spring.jmx.enabled=false, org.springframework.boot.test.context.SpringBootTestContextBootstrapper=true, server.port=0}

  .   ____          _            __ _ _
 /\\ / ___'_ __ _ _(_)_ __  __ _ \ \ \ \
( ( )\___ | '_ | '_| | '_ \/ _` | \ \ \ \
 \\/  ___)| |_)| | | | | || (_| |  ) ) ) )
  '  |____| .__|_| |_|_| |_\__, | / / / /
 =========|_|==============|___/=/_/_/_/
 :: Spring Boot ::        (v2.3.2.RELEASE)

2022-07-12 19:21:09.645  INFO 6798 --- [           main] c.u.c.cucumber.demo.cucumber.CucumberIT  : Starting CucumberIT on MacBook-Pro-de-Gabriel.local with PID 6798 (started by gabrielcamozzi in /Users/gabrielcamozzi/Desarrollo/Desarrollos/Ejemplos_para_Desacople/junit-cucumber)
2022-07-12 19:21:09.645  INFO 6798 --- [           main] c.u.c.cucumber.demo.cucumber.CucumberIT  : No active profile set, falling back to default profiles: default
2022-07-12 19:21:09.847  INFO 6798 --- [           main] .s.d.r.c.RepositoryConfigurationDelegate : Bootstrapping Spring Data MongoDB repositories in DEFAULT mode.
2022-07-12 19:21:09.871  INFO 6798 --- [           main] .s.d.r.c.RepositoryConfigurationDelegate : Finished Spring Data repository scanning in 22ms. Found 1 MongoDB repository interfaces.
2022-07-12 19:21:10.104  INFO 6798 --- [           main] o.s.b.w.embedded.tomcat.TomcatWebServer  : Tomcat initialized with port(s): 0 (http)
2022-07-12 19:21:10.108  INFO 6798 --- [           main] o.apache.catalina.core.StandardService   : Starting service [Tomcat]
2022-07-12 19:21:10.109  INFO 6798 --- [           main] org.apache.catalina.core.StandardEngine  : Starting Servlet engine: [Apache Tomcat/9.0.37]
2022-07-12 19:21:10.158  INFO 6798 --- [           main] o.a.c.c.C.[Tomcat].[localhost].[/]       : Initializing Spring embedded WebApplicationContext
2022-07-12 19:21:10.158  INFO 6798 --- [           main] w.s.c.ServletWebServerApplicationContext : Root WebApplicationContext: initialization completed in 505 ms
2022-07-12 19:21:10.240  INFO 6798 --- [           main] org.mongodb.driver.cluster               : Cluster created with settings {hosts=[localhost:27017], mode=SINGLE, requiredClusterType=UNKNOWN, serverSelectionTimeout='30000 ms'}
2022-07-12 19:21:10.277  INFO 6798 --- [localhost:27017] org.mongodb.driver.connection            : Opened connection [connectionId{localValue:1, serverValue:49}] to localhost:27017
2022-07-12 19:21:10.279  INFO 6798 --- [localhost:27017] org.mongodb.driver.cluster               : Monitor thread successfully connected to server with description ServerDescription{address=localhost:27017, type=STANDALONE, state=CONNECTED, ok=true, minWireVersion=0, maxWireVersion=13, maxDocumentSize=16777216, logicalSessionTimeoutMinutes=30, roundTripTimeNanos=1365542}
2022-07-12 19:21:10.470  INFO 6798 --- [           main] o.s.s.concurrent.ThreadPoolTaskExecutor  : Initializing ExecutorService 'applicationTaskExecutor'
2022-07-12 19:21:10.586  INFO 6798 --- [           main] o.s.b.w.embedded.tomcat.TomcatWebServer  : Tomcat started on port(s): 55765 (http) with context path ''
2022-07-12 19:21:10.590  INFO 6798 --- [           main] c.u.c.cucumber.demo.cucumber.CucumberIT  : Started CucumberIT in 1.032 seconds (JVM running for 1.68)

Scenario: El usuario obtiene los memes        &amp#27;[90m# src/test/resources/features/meme.feature:3&amp#27;[0m
2022-07-12 19:21:10.624  INFO 6798 --- [           main] org.mongodb.driver.connection            : Opened connection [connectionId{localValue:2, serverValue:50}] to localhost:27017
  &amp#27;[32mGiven &amp#27;[0m&amp#27;[32mlos siguientes memes&amp#27;[0m                  &amp#27;[90m# co.uk.codeyogi.cucumber.demo.cucumber.glue.MemeSteps.los_siguientes_memes(java.util.List<co.uk.codeyogi.cucumber.demo.model.Meme>)&amp#27;[0m
2022-07-12 19:21:10.707  INFO 6798 --- [o-auto-1-exec-1] o.a.c.c.C.[Tomcat].[localhost].[/]       : Initializing Spring DispatcherServlet 'dispatcherServlet'
2022-07-12 19:21:10.707  INFO 6798 --- [o-auto-1-exec-1] o.s.web.servlet.DispatcherServlet        : Initializing Servlet 'dispatcherServlet'
2022-07-12 19:21:10.712  INFO 6798 --- [o-auto-1-exec-1] o.s.web.servlet.DispatcherServlet        : Completed initialization in 5 ms
  &amp#27;[32mWhen &amp#27;[0m&amp#27;[32mel usuario solicita todos los memes&amp#27;[0m    &amp#27;[90m# co.uk.codeyogi.cucumber.demo.cucumber.glue.MemeSteps.el_usuario_solicita_todos_los_memes()&amp#27;[0m
  &amp#27;[32mThen &amp#27;[0m&amp#27;[32mentonces todos los memes son devueltos&amp#27;[0m &amp#27;[90m# co.uk.codeyogi.cucumber.demo.cucumber.glue.MemeSteps.entonces_todos_los_memes_son_devueltos()&amp#27;[0m
]]></system-out>
  </testcase>
  <testcase name="Un usuario hace un post de un nuevo meme" classname="Memes Test Feature" time="0.035">
    <system-out><![CDATA[2022-07-12 19:21:10.749  INFO 6798 --- [           main] .b.t.c.SpringBootTestContextBootstrapper : Neither @ContextConfiguration nor @ContextHierarchy found for test class [co.uk.codeyogi.cucumber.demo.cucumber.CucumberIT], using SpringBootContextLoader
2022-07-12 19:21:10.749  INFO 6798 --- [           main] o.s.t.c.support.AbstractContextLoader    : Could not detect default resource locations for test class [co.uk.codeyogi.cucumber.demo.cucumber.CucumberIT]: no resource found for suffixes {-context.xml, Context.groovy}.
2022-07-12 19:21:10.750  INFO 6798 --- [           main] .b.t.c.SpringBootTestContextBootstrapper : Loaded default TestExecutionListener class names from location [META-INF/spring.factories]: [org.springframework.boot.test.mock.mockito.MockitoTestExecutionListener, org.springframework.boot.test.mock.mockito.ResetMocksTestExecutionListener, org.springframework.boot.test.autoconfigure.restdocs.RestDocsTestExecutionListener, org.springframework.boot.test.autoconfigure.web.client.MockRestServiceServerResetTestExecutionListener, org.springframework.boot.test.autoconfigure.web.servlet.MockMvcPrintOnlyOnFailureTestExecutionListener, org.springframework.boot.test.autoconfigure.web.servlet.WebDriverTestExecutionListener, org.springframework.boot.test.autoconfigure.webservices.client.MockWebServiceServerTestExecutionListener, org.springframework.test.context.web.ServletTestExecutionListener, org.springframework.test.context.support.DirtiesContextBeforeModesTestExecutionListener, org.springframework.test.context.support.DependencyInjectionTestExecutionListener, org.springframework.test.context.support.DirtiesContextTestExecutionListener, org.springframework.test.context.transaction.TransactionalTestExecutionListener, org.springframework.test.context.jdbc.SqlScriptsTestExecutionListener, org.springframework.test.context.event.EventPublishingTestExecutionListener]
2022-07-12 19:21:10.750  INFO 6798 --- [           main] .b.t.c.SpringBootTestContextBootstrapper : Using TestExecutionListeners: [org.springframework.test.context.web.ServletTestExecutionListener@177068db, org.springframework.test.context.support.DirtiesContextBeforeModesTestExecutionListener@60f3239f, org.springframework.boot.test.mock.mockito.MockitoTestExecutionListener@6b103db7, org.springframework.boot.test.autoconfigure.SpringBootDependencyInjectionTestExecutionListener@b3042ed, org.springframework.test.context.support.DirtiesContextTestExecutionListener@1f12d5e0, org.springframework.test.context.transaction.TransactionalTestExecutionListener@6604f246, org.springframework.test.context.jdbc.SqlScriptsTestExecutionListener@c1386b4, org.springframework.test.context.event.EventPublishingTestExecutionListener@53d9af1, org.springframework.boot.test.mock.mockito.ResetMocksTestExecutionListener@c89e263, org.springframework.boot.test.autoconfigure.restdocs.RestDocsTestExecutionListener@4d5ea776, org.springframework.boot.test.autoconfigure.web.client.MockRestServiceServerResetTestExecutionListener@5d68be4f, org.springframework.boot.test.autoconfigure.web.servlet.MockMvcPrintOnlyOnFailureTestExecutionListener@34eb5d01, org.springframework.boot.test.autoconfigure.web.servlet.WebDriverTestExecutionListener@77b22b05, org.springframework.boot.test.autoconfigure.webservices.client.MockWebServiceServerTestExecutionListener@4fef5792]

Scenario: Un usuario hace un post de un nuevo meme                  &amp#27;[90m# src/test/resources/features/meme.feature:11&amp#27;[0m
  &amp#27;[32mWhen &amp#27;[0m&amp#27;[32mun usuario hace un post de un nuevo meme &amp#27;[0m&amp#27;[32m&amp#27;[1m"meme3"&amp#27;[0m&amp#27;[32m con nivel &amp#27;[0m&amp#27;[32m&amp#27;[1m5&amp#27;[0m &amp#27;[90m# co.uk.codeyogi.cucumber.demo.cucumber.glue.MemeSteps.un_usuario_hace_un_post_de_un_nuevo_meme_meme3_con_nivel(java.lang.String,java.lang.Integer)&amp#27;[0m
  &amp#27;[32mThen &amp#27;[0m&amp#27;[32meste se encuentra en la base de datos&amp#27;[0m                        &amp#27;[90m# co.uk.codeyogi.cucumber.demo.cucumber.glue.MemeSteps.este_se_encuentra_en_la_base_de_datos()&amp#27;[0m
  &amp#27;[32mAnd &amp#27;[0m&amp#27;[32mposee un id&amp#27;[0m                                                   &amp#27;[90m# co.uk.codeyogi.cucumber.demo.cucumber.glue.MemeSteps.posee_un_id()&amp#27;[0m
]]></system-out>
  </testcase>
</testsuite>